<?xml version="1.0" encoding="UTF-8"?>
<!-- Generated by org.testng.reporters.JUnitReportReporter -->
<testsuite hostname="AlthafShaik" failures="0" tests="1" name="Testscript.VerifyDeposite" time="27.071" errors="0" timestamp="2024-07-15T11:05:28 IST" skipped="0">
  <testcase classname="Testscript.VerifyDeposite" name="VerifyDeposite" time="27.071"/>
  <system-out/>
</testsuite> <!-- Testscript.VerifyDeposite -->
